# JRE version: Java(TM) SE Runtime Environment (8.0_151-b12) (build 1.8.0_151-b12)
# Java VM: Java HotSpot(TM) Client VM (25.151-b12 mixed mode windows-x86 )
Heap:
 def new generation   total 5632K, used 3074K [0x06c00000, 0x07210000, 0x0c150000)
  eden space 5056K,  59% used [0x06c00000, 0x06ef0f48, 0x070f0000)
  from space 576K,  10% used [0x070f0000, 0x070ffad8, 0x07180000)
  to   space 576K,   0% used [0x07180000, 0x07180000, 0x07210000)
 tenured generation   total 19864K, used 19239K [0x0c150000, 0x0d4b6000, 0x16c00000)
   the space 19864K,  96% used [0x0c150000, 0x0d419f68, 0x0d41a000, 0x0d4b6000)
 Metaspace       used 13571K, capacity 13777K, committed 13952K, reserved 14720K
GC Heap History (10 events):
Event: 146.136 GC heap before
{Heap before GC invocations=1114 (full 1):
 def new generation   total 5632K, used 5127K [0x06c00000, 0x07210000, 0x0c150000)
  eden space 5056K, 100% used [0x06c00000, 0x070f0000, 0x070f0000)
  from space 576K,  12% used [0x07180000, 0x07191c38, 0x07210000)
  to   space 576K,   0% used [0x070f0000, 0x070f0000, 0x07180000)
 tenured generation   total 19864K, used 19231K [0x0c150000, 0x0d4b6000, 0x16c00000)
   the space 19864K,  96% used [0x0c150000, 0x0d417dc8, 0x0d417e00, 0x0d4b6000)
 Metaspace       used 13571K, capacity 13777K, committed 13952K, reserved 14720K
Event: 146.137 GC heap after
Heap after GC invocations=1115 (full 1):
 def new generation   total 5632K, used 71K [0x06c00000, 0x07210000, 0x0c150000)
  eden space 5056K,   0% used [0x06c00000, 0x06c00000, 0x070f0000)
  from space 576K,  12% used [0x070f0000, 0x07101cb0, 0x07180000)
  to   space 576K,   0% used [0x07180000, 0x07180000, 0x07210000)
 tenured generation   total 19864K, used 19231K [0x0c150000, 0x0d4b6000, 0x16c00000)
   the space 19864K,  96% used [0x0c150000, 0x0d417dc8, 0x0d417e00, 0x0d4b6000)
 Metaspace       used 13571K, capacity 13777K, committed 13952K, reserved 14720K
}
Event: 146.390 GC heap before
{Heap before GC invocations=1115 (full 1):
 def new generation   total 5632K, used 5127K [0x06c00000, 0x07210000, 0x0c150000)
  eden space 5056K, 100% used [0x06c00000, 0x070f0000, 0x070f0000)
  from space 576K,  12% used [0x070f0000, 0x07101cb0, 0x07180000)
  to   space 576K,   0% used [0x07180000, 0x07180000, 0x07210000)
 tenured generation   total 19864K, used 19231K [0x0c150000, 0x0d4b6000, 0x16c00000)
   the space 19864K,  96% used [0x0c150000, 0x0d417dc8, 0x0d417e00, 0x0d4b6000)
 Metaspace       used 13571K, capacity 13777K, committed 13952K, reserved 14720K
Event: 146.391 GC heap after
Heap after GC invocations=1116 (full 1):
 def new generation   total 5632K, used 71K [0x06c00000, 0x07210000, 0x0c150000)
  eden space 5056K,   0% used [0x06c00000, 0x06c00000, 0x070f0000)
  from space 576K,  12% used [0x07180000, 0x07191c48, 0x07210000)
  to   space 576K,   0% used [0x070f0000, 0x070f0000, 0x07180000)
 tenured generation   total 19864K, used 19231K [0x0c150000, 0x0d4b6000, 0x16c00000)
   the space 19864K,  96% used [0x0c150000, 0x0d417dc8, 0x0d417e00, 0x0d4b6000)
 Metaspace       used 13571K, capacity 13777K, committed 13952K, reserved 14720K
}
Event: 146.635 GC heap before
{Heap before GC invocations=1116 (full 1):
 def new generation   total 5632K, used 5127K [0x06c00000, 0x07210000, 0x0c150000)
  eden space 5056K, 100% used [0x06c00000, 0x070f0000, 0x070f0000)
  from space 576K,  12% used [0x07180000, 0x07191c48, 0x07210000)
  to   space 576K,   0% used [0x070f0000, 0x070f0000, 0x07180000)
 tenured generation   total 19864K, used 19231K [0x0c150000, 0x0d4b6000, 0x16c00000)
   the space 19864K,  96% used [0x0c150000, 0x0d417dc8, 0x0d417e00, 0x0d4b6000)
 Metaspace       used 13571K, capacity 13777K, committed 13952K, reserved 14720K
Event: 146.636 GC heap after
Heap after GC invocations=1117 (full 1):
 def new generation   total 5632K, used 72K [0x06c00000, 0x07210000, 0x0c150000)
  eden space 5056K,   0% used [0x06c00000, 0x06c00000, 0x070f0000)
  from space 576K,  12% used [0x070f0000, 0x071022d8, 0x07180000)
  to   space 576K,   0% used [0x07180000, 0x07180000, 0x07210000)
 tenured generation   total 19864K, used 19231K [0x0c150000, 0x0d4b6000, 0x16c00000)
   the space 19864K,  96% used [0x0c150000, 0x0d417dc8, 0x0d417e00, 0x0d4b6000)
 Metaspace       used 13571K, capacity 13777K, committed 13952K, reserved 14720K
}
Event: 146.829 GC heap before
{Heap before GC invocations=1117 (full 1):
 def new generation   total 5632K, used 5128K [0x06c00000, 0x07210000, 0x0c150000)
  eden space 5056K, 100% used [0x06c00000, 0x070f0000, 0x070f0000)
  from space 576K,  12% used [0x070f0000, 0x071022d8, 0x07180000)
  to   space 576K,   0% used [0x07180000, 0x07180000, 0x07210000)
 tenured generation   total 19864K, used 19231K [0x0c150000, 0x0d4b6000, 0x16c00000)
   the space 19864K,  96% used [0x0c150000, 0x0d417dc8, 0x0d417e00, 0x0d4b6000)
 Metaspace       used 13571K, capacity 13777K, committed 13952K, reserved 14720K
Event: 146.830 GC heap after
Heap after GC invocations=1118 (full 1):
 def new generation   total 5632K, used 62K [0x06c00000, 0x07210000, 0x0c150000)
  eden space 5056K,   0% used [0x06c00000, 0x06c00000, 0x070f0000)
  from space 576K,  10% used [0x07180000, 0x0718faf8, 0x07210000)
  to   space 576K,   0% used [0x070f0000, 0x070f0000, 0x07180000)
 tenured generation   total 19864K, used 19239K [0x0c150000, 0x0d4b6000, 0x16c00000)
   the space 19864K,  96% used [0x0c150000, 0x0d419f68, 0x0d41a000, 0x0d4b6000)
 Metaspace       used 13571K, capacity 13777K, committed 13952K, reserved 14720K
}
Event: 147.030 GC heap before
{Heap before GC invocations=1118 (full 1):
 def new generation   total 5632K, used 5118K [0x06c00000, 0x07210000, 0x0c150000)
  eden space 5056K, 100% used [0x06c00000, 0x070f0000, 0x070f0000)
  from space 576K,  10% used [0x07180000, 0x0718faf8, 0x07210000)
  to   space 576K,   0% used [0x070f0000, 0x070f0000, 0x07180000)
 tenured generation   total 19864K, used 19239K [0x0c150000, 0x0d4b6000, 0x16c00000)
   the space 19864K,  96% used [0x0c150000, 0x0d419f68, 0x0d41a000, 0x0d4b6000)
 Metaspace       used 13571K, capacity 13777K, committed 13952K, reserved 14720K
Event: 147.031 GC heap after
Heap after GC invocations=1119 (full 1):
 def new generation   total 5632K, used 62K [0x06c00000, 0x07210000, 0x0c150000)
  eden space 5056K,   0% used [0x06c00000, 0x06c00000, 0x070f0000)
  from space 576K,  10% used [0x070f0000, 0x070ffad8, 0x07180000)
  to   space 576K,   0% used [0x07180000, 0x07180000, 0x07210000)
 tenured generation   total 19864K, used 19239K [0x0c150000, 0x0d4b6000, 0x16c00000)
   the space 19864K,  96% used [0x0c150000, 0x0d419f68, 0x0d41a000, 0x0d4b6000)
 Metaspace       used 13571K, capacity 13777K, committed 13952K, reserved 14720K
}

